2025-04-20 20:53:49,405 : INFO : Start of Prediction
2025-04-20 20:53:49,406 : INFO : run_id:2025-04-20_205349_855452644
2025-04-20 20:53:49,406 : INFO : Start of Preprocessing...
2025-04-20 20:53:49,406 : INFO : Start of feature encoding...
2025-04-20 20:53:49,423 : INFO : End of feature encoding...
2025-04-20 20:53:49,428 : INFO : Start of Droping Columns...
2025-04-20 20:53:49,431 : INFO : End of Droping Columns...
2025-04-20 20:53:49,431 : INFO : Start of finding missing values...
2025-04-20 20:53:49,433 : INFO : End of finding missing values...
2025-04-20 20:53:49,433 : INFO : Start of building final predictset...
2025-04-20 20:53:49,441 : INFO : End of building final predictset...
2025-04-20 20:53:49,442 : INFO : End of Preprocessing...
2025-04-20 20:53:49,442 : INFO : Start of Load Model
2025-04-20 20:53:49,443 : INFO : Model File KMeans loaded
2025-04-20 20:53:49,443 : INFO : End of Load Model
2025-04-20 20:53:49,609 : INFO : clusters loop started
2025-04-20 20:53:49,610 : INFO : Start of finding correct model
2025-04-20 20:53:49,611 : INFO : End of finding correct model
2025-04-20 20:53:49,611 : INFO : Start of Load Model
2025-04-20 20:53:49,611 : INFO : Model File XGBoost1 loaded
2025-04-20 20:53:49,611 : INFO : End of Load Model
2025-04-20 20:53:51,563 : INFO : Shape of Data (1, 9)
2025-04-20 20:53:51,577 : INFO : Shape of Data None
2025-04-20 20:53:51,589 : INFO : Output : [1]
2025-04-20 20:53:51,590 : INFO : End of Prediction
