2025-04-22 09:22:29,140 : INFO : Start of Prediction
2025-04-22 09:22:29,140 : INFO : run_id:2025-04-22_092229_164492736
2025-04-22 09:22:29,140 : INFO : Start of Preprocessing...
2025-04-22 09:22:29,140 : INFO : Start of feature encoding...
2025-04-22 09:22:29,153 : INFO : End of feature encoding...
2025-04-22 09:22:29,156 : INFO : Start of Droping Columns...
2025-04-22 09:22:29,157 : INFO : End of Droping Columns...
2025-04-22 09:22:29,158 : INFO : Start of finding missing values...
2025-04-22 09:22:29,159 : INFO : End of finding missing values...
2025-04-22 09:22:29,159 : INFO : Start of building final predictset...
2025-04-22 09:22:29,577 : INFO : End of building final predictset...
2025-04-22 09:22:29,577 : INFO : End of Preprocessing...
2025-04-22 09:22:29,577 : INFO : Start of Load Model
2025-04-22 09:22:29,586 : INFO : Model File KMeans loaded
2025-04-22 09:22:29,586 : INFO : End of Load Model
2025-04-22 09:22:29,673 : INFO : clusters loop started
2025-04-22 09:22:29,674 : INFO : Start of finding correct model
2025-04-22 09:22:29,674 : INFO : End of finding correct model
2025-04-22 09:22:29,674 : INFO : Start of Load Model
2025-04-22 09:22:29,811 : INFO : Model File XGBoost1 loaded
2025-04-22 09:22:29,811 : INFO : End of Load Model
2025-04-22 09:22:33,580 : INFO : Shape of Data (1, 9)
2025-04-22 09:22:33,591 : INFO : Shape of Data None
2025-04-22 09:22:33,601 : INFO : Output : [1]
2025-04-22 09:22:33,601 : INFO : End of Prediction
