2025-04-19 21:22:20,520 : INFO : Start of Prediction
2025-04-19 21:22:20,521 : INFO : run_id:2025-04-19_212220_375036243
2025-04-19 21:22:20,521 : INFO : Start of Preprocessing...
2025-04-19 21:22:20,521 : INFO : Start of feature encoding...
2025-04-19 21:22:20,522 : INFO : End of feature encoding...
2025-04-19 21:22:20,523 : INFO : Start of Droping Columns...
2025-04-19 21:22:20,523 : INFO : End of Droping Columns...
2025-04-19 21:22:20,523 : INFO : Start of finding missing values...
2025-04-19 21:22:20,523 : INFO : End of finding missing values...
2025-04-19 21:22:20,524 : INFO : Start of building final predictset...
2025-04-19 21:22:20,526 : INFO : End of building final predictset...
2025-04-19 21:22:20,526 : INFO : End of Preprocessing...
2025-04-19 21:22:20,526 : INFO : Start of Load Model
2025-04-19 21:22:20,526 : INFO : Model File KMeans loaded
2025-04-19 21:22:20,526 : INFO : End of Load Model
2025-04-19 21:22:20,565 : INFO : clusters loop started
2025-04-19 21:22:20,565 : INFO : Start of finding correct model
2025-04-19 21:22:20,566 : INFO : End of finding correct model
2025-04-19 21:22:20,566 : INFO : Start of Load Model
2025-04-19 21:22:20,566 : INFO : Model File XGBoost1 loaded
2025-04-19 21:22:20,566 : INFO : End of Load Model
2025-04-19 21:22:20,725 : INFO : Shape of Data (1, 9)
2025-04-19 21:22:20,812 : INFO : Shape of Data None
2025-04-19 21:22:20,814 : INFO : Output : [1]
2025-04-19 21:22:20,814 : INFO : End of Prediction
