2025-04-19 21:18:12,195 : INFO : Start of Prediction
2025-04-19 21:18:12,195 : INFO : run_id:2025-04-19_211812_594509497
2025-04-19 21:18:12,195 : INFO : Start of Preprocessing...
2025-04-19 21:18:12,195 : INFO : Start of feature encoding...
2025-04-19 21:18:12,196 : INFO : End of feature encoding...
2025-04-19 21:18:12,197 : INFO : Start of Droping Columns...
2025-04-19 21:18:12,197 : INFO : End of Droping Columns...
2025-04-19 21:18:12,197 : INFO : Start of finding missing values...
2025-04-19 21:18:12,197 : INFO : End of finding missing values...
2025-04-19 21:18:12,200 : INFO : Start of building final predictset...
2025-04-19 21:18:12,202 : INFO : End of building final predictset...
2025-04-19 21:18:12,203 : INFO : End of Preprocessing...
2025-04-19 21:18:12,203 : INFO : Start of Load Model
2025-04-19 21:18:12,203 : INFO : Model File KMeans loaded
2025-04-19 21:18:12,203 : INFO : End of Load Model
2025-04-19 21:18:12,205 : INFO : clusters loop started
2025-04-19 21:18:12,206 : INFO : Start of finding correct model
2025-04-19 21:18:12,206 : INFO : End of finding correct model
2025-04-19 21:18:12,206 : INFO : Start of Load Model
2025-04-19 21:18:12,206 : INFO : Model File XGBoost1 loaded
2025-04-19 21:18:12,206 : INFO : End of Load Model
2025-04-19 21:18:12,210 : INFO : Shape of Data (1, 9)
2025-04-19 21:18:12,212 : INFO : Shape of Data None
2025-04-19 21:18:12,214 : INFO : Output : [1]
2025-04-19 21:18:12,214 : INFO : End of Prediction
