2025-04-19 21:06:08,792 : INFO : Start of Prediction
2025-04-19 21:06:08,793 : INFO : run_id:2025-04-19_210608_602343653
2025-04-19 21:06:08,793 : INFO : Start of Preprocessing...
2025-04-19 21:06:08,793 : INFO : Start of feature encoding...
2025-04-19 21:06:08,795 : INFO : End of feature encoding...
2025-04-19 21:06:08,795 : INFO : Start of Droping Columns...
2025-04-19 21:06:08,796 : INFO : End of Droping Columns...
2025-04-19 21:06:08,796 : INFO : Start of finding missing values...
2025-04-19 21:06:08,796 : INFO : End of finding missing values...
2025-04-19 21:06:08,799 : INFO : Start of building final predictset...
2025-04-19 21:06:08,803 : INFO : End of building final predictset...
2025-04-19 21:06:08,803 : INFO : End of Preprocessing...
2025-04-19 21:06:08,803 : INFO : Start of Load Model
2025-04-19 21:06:08,803 : INFO : Model File KMeans loaded
2025-04-19 21:06:08,803 : INFO : End of Load Model
2025-04-19 21:06:08,887 : INFO : clusters loop started
2025-04-19 21:06:08,888 : INFO : Start of finding correct model
2025-04-19 21:06:08,888 : INFO : End of finding correct model
2025-04-19 21:06:08,888 : INFO : Start of Load Model
2025-04-19 21:06:08,888 : INFO : Model File XGBoost1 loaded
2025-04-19 21:06:08,889 : INFO : End of Load Model
2025-04-19 21:06:10,191 : INFO : Shape of Data (1, 9)
2025-04-19 21:06:10,194 : INFO : Shape of Data None
2025-04-19 21:06:10,197 : INFO : Output : [1]
2025-04-19 21:06:10,197 : INFO : End of Prediction
