2025-04-20 20:17:31,258 : INFO : Start of Prediction
2025-04-20 20:17:31,258 : INFO : run_id:2025-04-20_201731_142314960
2025-04-20 20:17:31,258 : INFO : Start of Preprocessing...
2025-04-20 20:17:31,259 : INFO : Start of feature encoding...
2025-04-20 20:17:31,261 : INFO : End of feature encoding...
2025-04-20 20:17:31,261 : INFO : Start of Droping Columns...
2025-04-20 20:17:31,262 : INFO : End of Droping Columns...
2025-04-20 20:17:31,262 : INFO : Start of finding missing values...
2025-04-20 20:17:31,263 : INFO : End of finding missing values...
2025-04-20 20:17:31,263 : INFO : Start of building final predictset...
2025-04-20 20:17:31,266 : INFO : End of building final predictset...
2025-04-20 20:17:31,267 : INFO : End of Preprocessing...
2025-04-20 20:17:31,267 : INFO : Start of Load Model
2025-04-20 20:17:31,267 : INFO : Model File KMeans loaded
2025-04-20 20:17:31,267 : INFO : End of Load Model
2025-04-20 20:17:31,270 : INFO : clusters loop started
2025-04-20 20:17:31,272 : INFO : Start of finding correct model
2025-04-20 20:17:31,272 : INFO : End of finding correct model
2025-04-20 20:17:31,272 : INFO : Start of Load Model
2025-04-20 20:17:31,273 : INFO : Model File XGBoost1 loaded
2025-04-20 20:17:31,273 : INFO : End of Load Model
2025-04-20 20:17:31,278 : INFO : Shape of Data (1, 9)
2025-04-20 20:17:31,282 : INFO : Shape of Data None
2025-04-20 20:17:31,286 : INFO : Output : [1]
2025-04-20 20:17:31,286 : INFO : End of Prediction
