2025-04-19 21:05:03,361 : INFO : Start of Prediction
2025-04-19 21:05:03,361 : INFO : run_id:2025-04-19_210503_697065561
2025-04-19 21:05:03,361 : INFO : Start of Preprocessing...
2025-04-19 21:05:03,361 : INFO : Start of feature encoding...
2025-04-19 21:05:03,363 : INFO : End of feature encoding...
2025-04-19 21:05:03,363 : INFO : Start of Droping Columns...
2025-04-19 21:05:03,364 : INFO : End of Droping Columns...
2025-04-19 21:05:03,364 : INFO : Start of finding missing values...
2025-04-19 21:05:03,364 : INFO : End of finding missing values...
2025-04-19 21:05:03,365 : INFO : Start of building final predictset...
2025-04-19 21:05:03,367 : INFO : End of building final predictset...
2025-04-19 21:05:03,367 : INFO : End of Preprocessing...
2025-04-19 21:05:03,367 : INFO : Start of Load Model
2025-04-19 21:05:03,368 : INFO : Model File KMeans loaded
2025-04-19 21:05:03,368 : INFO : End of Load Model
2025-04-19 21:05:03,394 : INFO : clusters loop started
2025-04-19 21:05:03,396 : INFO : Start of finding correct model
2025-04-19 21:05:03,396 : INFO : End of finding correct model
2025-04-19 21:05:03,396 : INFO : Start of Load Model
2025-04-19 21:05:03,396 : INFO : Model File XGBoost1 loaded
2025-04-19 21:05:03,396 : INFO : End of Load Model
2025-04-19 21:05:03,401 : INFO : Shape of Data (1, 9)
2025-04-19 21:05:03,403 : INFO : Shape of Data None
2025-04-19 21:05:03,406 : INFO : Output : [1]
2025-04-19 21:05:03,406 : INFO : End of Prediction
