2025-04-19 21:06:44,663 : INFO : Start of Prediction
2025-04-19 21:06:44,663 : INFO : run_id:2025-04-19_210644_840727791
2025-04-19 21:06:44,663 : INFO : Start of Preprocessing...
2025-04-19 21:06:44,663 : INFO : Start of feature encoding...
2025-04-19 21:06:44,664 : INFO : End of feature encoding...
2025-04-19 21:06:44,665 : INFO : Start of Droping Columns...
2025-04-19 21:06:44,665 : INFO : End of Droping Columns...
2025-04-19 21:06:44,665 : INFO : Start of finding missing values...
2025-04-19 21:06:44,665 : INFO : End of finding missing values...
2025-04-19 21:06:44,666 : INFO : Start of building final predictset...
2025-04-19 21:06:44,668 : INFO : End of building final predictset...
2025-04-19 21:06:44,668 : INFO : End of Preprocessing...
2025-04-19 21:06:44,668 : INFO : Start of Load Model
2025-04-19 21:06:44,668 : INFO : Model File KMeans loaded
2025-04-19 21:06:44,668 : INFO : End of Load Model
2025-04-19 21:06:44,670 : INFO : clusters loop started
2025-04-19 21:06:44,671 : INFO : Start of finding correct model
2025-04-19 21:06:44,672 : INFO : End of finding correct model
2025-04-19 21:06:44,672 : INFO : Start of Load Model
2025-04-19 21:06:44,672 : INFO : Model File XGBoost1 loaded
2025-04-19 21:06:44,672 : INFO : End of Load Model
2025-04-19 21:06:44,675 : INFO : Shape of Data (1, 9)
2025-04-19 21:06:44,678 : INFO : Shape of Data None
2025-04-19 21:06:44,680 : INFO : Output : [1]
2025-04-19 21:06:44,680 : INFO : End of Prediction
