2025-04-19 21:06:44,636 : INFO : Start of Prediction
2025-04-19 21:06:44,636 : INFO : run_id:2025-04-19_210644_451919672
2025-04-19 21:06:44,636 : INFO : Start of Preprocessing...
2025-04-19 21:06:44,636 : INFO : Start of feature encoding...
2025-04-19 21:06:44,637 : INFO : End of feature encoding...
2025-04-19 21:06:44,638 : INFO : Start of Droping Columns...
2025-04-19 21:06:44,638 : INFO : End of Droping Columns...
2025-04-19 21:06:44,638 : INFO : Start of finding missing values...
2025-04-19 21:06:44,638 : INFO : End of finding missing values...
2025-04-19 21:06:44,641 : INFO : Start of building final predictset...
2025-04-19 21:06:44,643 : INFO : End of building final predictset...
2025-04-19 21:06:44,643 : INFO : End of Preprocessing...
2025-04-19 21:06:44,643 : INFO : Start of Load Model
2025-04-19 21:06:44,643 : INFO : Model File KMeans loaded
2025-04-19 21:06:44,643 : INFO : End of Load Model
2025-04-19 21:06:44,645 : INFO : clusters loop started
2025-04-19 21:06:44,646 : INFO : Start of finding correct model
2025-04-19 21:06:44,646 : INFO : End of finding correct model
2025-04-19 21:06:44,646 : INFO : Start of Load Model
2025-04-19 21:06:44,647 : INFO : Model File XGBoost1 loaded
2025-04-19 21:06:44,647 : INFO : End of Load Model
2025-04-19 21:06:44,650 : INFO : Shape of Data (1, 9)
2025-04-19 21:06:44,653 : INFO : Shape of Data None
2025-04-19 21:06:44,654 : INFO : Output : [1]
2025-04-19 21:06:44,655 : INFO : End of Prediction
