2025-04-19 20:25:18,027 : INFO : Start of Prediction
2025-04-19 20:25:18,028 : INFO : run_id:2025-04-19_202518_579958933
2025-04-19 20:25:18,028 : INFO : Start of Preprocessing...
2025-04-19 20:25:18,028 : INFO : Start of feature encoding...
2025-04-19 20:25:18,032 : INFO : End of feature encoding...
2025-04-19 20:25:18,033 : INFO : Start of Droping Columns...
2025-04-19 20:25:18,034 : INFO : End of Droping Columns...
2025-04-19 20:25:18,034 : INFO : Start of finding missing values...
2025-04-19 20:25:18,035 : INFO : End of finding missing values...
2025-04-19 20:25:18,037 : INFO : Start of building final predictset...
2025-04-19 20:25:18,042 : INFO : End of building final predictset...
2025-04-19 20:25:18,043 : INFO : End of Preprocessing...
2025-04-19 20:25:18,043 : INFO : Start of Load Model
2025-04-19 20:25:18,043 : INFO : Model File KMeans loaded
2025-04-19 20:25:18,043 : INFO : End of Load Model
2025-04-19 20:25:18,049 : INFO : clusters loop started
2025-04-19 20:25:18,050 : INFO : Start of finding correct model
2025-04-19 20:25:18,051 : INFO : End of finding correct model
2025-04-19 20:25:18,052 : INFO : Start of Load Model
2025-04-19 20:25:18,052 : INFO : Model File XGBoost1 loaded
2025-04-19 20:25:18,052 : INFO : End of Load Model
2025-04-19 20:25:18,060 : INFO : Shape of Data (1, 9)
2025-04-19 20:25:18,069 : INFO : Shape of Data None
2025-04-19 20:25:18,073 : INFO : Output : [1]
2025-04-19 20:25:18,073 : INFO : End of Prediction
