2025-04-19 20:58:05,383 : INFO : Start of Prediction
2025-04-19 20:58:05,384 : INFO : run_id:2025-04-19_205805_532926411
2025-04-19 20:58:05,384 : INFO : Start of Preprocessing...
2025-04-19 20:58:05,384 : INFO : Start of feature encoding...
2025-04-19 20:58:05,396 : INFO : End of feature encoding...
2025-04-19 20:58:05,400 : INFO : Start of Droping Columns...
2025-04-19 20:58:05,403 : INFO : End of Droping Columns...
2025-04-19 20:58:05,403 : INFO : Start of finding missing values...
2025-04-19 20:58:05,403 : INFO : End of finding missing values...
2025-04-19 20:58:05,403 : INFO : Start of building final predictset...
2025-04-19 20:58:05,458 : INFO : End of building final predictset...
2025-04-19 20:58:05,458 : INFO : End of Preprocessing...
2025-04-19 20:58:05,458 : INFO : Start of Load Model
2025-04-19 20:58:05,467 : INFO : Model File KMeans loaded
2025-04-19 20:58:05,467 : INFO : End of Load Model
2025-04-19 20:58:05,558 : INFO : clusters loop started
2025-04-19 20:58:05,559 : INFO : Start of finding correct model
2025-04-19 20:58:05,560 : INFO : End of finding correct model
2025-04-19 20:58:05,560 : INFO : Start of Load Model
2025-04-19 20:58:05,595 : INFO : Model File XGBoost1 loaded
2025-04-19 20:58:05,595 : INFO : End of Load Model
2025-04-19 20:58:07,307 : INFO : Shape of Data (1, 9)
2025-04-19 20:58:07,317 : INFO : Shape of Data None
2025-04-19 20:58:07,327 : INFO : Output : [1]
2025-04-19 20:58:07,327 : INFO : End of Prediction
