2025-04-19 21:21:59,718 : INFO : Start of Prediction
2025-04-19 21:21:59,718 : INFO : run_id:2025-04-19_212159_551339386
2025-04-19 21:21:59,718 : INFO : Start of Preprocessing...
2025-04-19 21:21:59,718 : INFO : Start of feature encoding...
2025-04-19 21:21:59,719 : INFO : End of feature encoding...
2025-04-19 21:21:59,720 : INFO : Start of Droping Columns...
2025-04-19 21:21:59,720 : INFO : End of Droping Columns...
2025-04-19 21:21:59,720 : INFO : Start of finding missing values...
2025-04-19 21:21:59,720 : INFO : End of finding missing values...
2025-04-19 21:21:59,723 : INFO : Start of building final predictset...
2025-04-19 21:21:59,725 : INFO : End of building final predictset...
2025-04-19 21:21:59,725 : INFO : End of Preprocessing...
2025-04-19 21:21:59,725 : INFO : Start of Load Model
2025-04-19 21:21:59,725 : INFO : Model File KMeans loaded
2025-04-19 21:21:59,725 : INFO : End of Load Model
2025-04-19 21:21:59,745 : INFO : clusters loop started
2025-04-19 21:21:59,936 : INFO : Start of finding correct model
2025-04-19 21:21:59,937 : INFO : End of finding correct model
2025-04-19 21:21:59,937 : INFO : Start of Load Model
2025-04-19 21:21:59,937 : INFO : Model File XGBoost1 loaded
2025-04-19 21:21:59,937 : INFO : End of Load Model
2025-04-19 21:22:00,148 : INFO : Shape of Data (1, 9)
2025-04-19 21:22:00,152 : INFO : Shape of Data None
2025-04-19 21:22:00,224 : INFO : Output : [1]
2025-04-19 21:22:00,224 : INFO : End of Prediction
