2025-04-19 20:22:58,139 : INFO : Start of Prediction
2025-04-19 20:22:58,139 : INFO : run_id:2025-04-19_202258_903388963
2025-04-19 20:22:58,139 : INFO : Start of Preprocessing...
2025-04-19 20:22:58,139 : INFO : Start of feature encoding...
2025-04-19 20:22:58,154 : INFO : End of feature encoding...
2025-04-19 20:22:58,155 : INFO : Start of Droping Columns...
2025-04-19 20:22:58,158 : INFO : End of Droping Columns...
2025-04-19 20:22:58,158 : INFO : Start of finding missing values...
2025-04-19 20:22:58,162 : INFO : End of finding missing values...
2025-04-19 20:22:58,162 : INFO : Start of building final predictset...
2025-04-19 20:22:58,168 : INFO : End of building final predictset...
2025-04-19 20:22:58,168 : INFO : End of Preprocessing...
2025-04-19 20:22:58,168 : INFO : Start of Load Model
2025-04-19 20:22:58,169 : INFO : Model File KMeans loaded
2025-04-19 20:22:58,169 : INFO : End of Load Model
2025-04-19 20:22:58,312 : INFO : clusters loop started
2025-04-19 20:22:58,314 : INFO : Start of finding correct model
2025-04-19 20:22:58,315 : INFO : End of finding correct model
2025-04-19 20:22:58,315 : INFO : Start of Load Model
2025-04-19 20:22:58,315 : INFO : Model File XGBoost1 loaded
2025-04-19 20:22:58,315 : INFO : End of Load Model
2025-04-19 20:22:59,953 : INFO : Shape of Data (1, 9)
2025-04-19 20:22:59,969 : INFO : Shape of Data None
2025-04-19 20:22:59,984 : INFO : Output : [1]
2025-04-19 20:22:59,984 : INFO : End of Prediction
