2025-04-20 20:17:31,466 : INFO : Start of Prediction
2025-04-20 20:17:31,466 : INFO : run_id:2025-04-20_201731_703747620
2025-04-20 20:17:31,466 : INFO : Start of Preprocessing...
2025-04-20 20:17:31,466 : INFO : Start of feature encoding...
2025-04-20 20:17:31,468 : INFO : End of feature encoding...
2025-04-20 20:17:31,469 : INFO : Start of Droping Columns...
2025-04-20 20:17:31,469 : INFO : End of Droping Columns...
2025-04-20 20:17:31,469 : INFO : Start of finding missing values...
2025-04-20 20:17:31,470 : INFO : End of finding missing values...
2025-04-20 20:17:31,473 : INFO : Start of building final predictset...
2025-04-20 20:17:31,477 : INFO : End of building final predictset...
2025-04-20 20:17:31,477 : INFO : End of Preprocessing...
2025-04-20 20:17:31,477 : INFO : Start of Load Model
2025-04-20 20:17:31,477 : INFO : Model File KMeans loaded
2025-04-20 20:17:31,478 : INFO : End of Load Model
2025-04-20 20:17:31,481 : INFO : clusters loop started
2025-04-20 20:17:31,482 : INFO : Start of finding correct model
2025-04-20 20:17:31,482 : INFO : End of finding correct model
2025-04-20 20:17:31,483 : INFO : Start of Load Model
2025-04-20 20:17:31,483 : INFO : Model File XGBoost1 loaded
2025-04-20 20:17:31,483 : INFO : End of Load Model
2025-04-20 20:17:31,488 : INFO : Shape of Data (1, 9)
2025-04-20 20:17:31,492 : INFO : Shape of Data None
2025-04-20 20:17:31,495 : INFO : Output : [1]
2025-04-20 20:17:31,495 : INFO : End of Prediction
