2025-04-20 20:17:28,649 : INFO : Start of Prediction
2025-04-20 20:17:28,650 : INFO : run_id:2025-04-20_201728_773699125
2025-04-20 20:17:28,651 : INFO : Start of Preprocessing...
2025-04-20 20:17:28,651 : INFO : Start of feature encoding...
2025-04-20 20:17:28,658 : INFO : End of feature encoding...
2025-04-20 20:17:28,662 : INFO : Start of Droping Columns...
2025-04-20 20:17:28,664 : INFO : End of Droping Columns...
2025-04-20 20:17:28,664 : INFO : Start of finding missing values...
2025-04-20 20:17:28,665 : INFO : End of finding missing values...
2025-04-20 20:17:28,666 : INFO : Start of building final predictset...
2025-04-20 20:17:28,716 : INFO : End of building final predictset...
2025-04-20 20:17:28,716 : INFO : End of Preprocessing...
2025-04-20 20:17:28,716 : INFO : Start of Load Model
2025-04-20 20:17:28,733 : INFO : Model File KMeans loaded
2025-04-20 20:17:28,733 : INFO : End of Load Model
2025-04-20 20:17:28,899 : INFO : clusters loop started
2025-04-20 20:17:28,900 : INFO : Start of finding correct model
2025-04-20 20:17:28,901 : INFO : End of finding correct model
2025-04-20 20:17:28,901 : INFO : Start of Load Model
2025-04-20 20:17:28,916 : INFO : Model File XGBoost1 loaded
2025-04-20 20:17:28,916 : INFO : End of Load Model
2025-04-20 20:17:31,191 : INFO : Shape of Data (1, 9)
2025-04-20 20:17:31,196 : INFO : Shape of Data None
2025-04-20 20:17:31,208 : INFO : Output : [1]
2025-04-20 20:17:31,208 : INFO : End of Prediction
