2025-04-19 20:25:03,554 : INFO : Start of Prediction
2025-04-19 20:25:03,555 : INFO : run_id:2025-04-19_202503_435389632
2025-04-19 20:25:03,555 : INFO : Start of Preprocessing...
2025-04-19 20:25:03,555 : INFO : Start of feature encoding...
2025-04-19 20:25:03,559 : INFO : End of feature encoding...
2025-04-19 20:25:03,561 : INFO : Start of Droping Columns...
2025-04-19 20:25:03,562 : INFO : End of Droping Columns...
2025-04-19 20:25:03,562 : INFO : Start of finding missing values...
2025-04-19 20:25:03,563 : INFO : End of finding missing values...
2025-04-19 20:25:03,566 : INFO : Start of building final predictset...
2025-04-19 20:25:03,572 : INFO : End of building final predictset...
2025-04-19 20:25:03,573 : INFO : End of Preprocessing...
2025-04-19 20:25:03,573 : INFO : Start of Load Model
2025-04-19 20:25:03,574 : INFO : Model File KMeans loaded
2025-04-19 20:25:03,575 : INFO : End of Load Model
2025-04-19 20:25:03,581 : INFO : clusters loop started
2025-04-19 20:25:03,584 : INFO : Start of finding correct model
2025-04-19 20:25:03,584 : INFO : End of finding correct model
2025-04-19 20:25:03,585 : INFO : Start of Load Model
2025-04-19 20:25:03,585 : INFO : Model File XGBoost1 loaded
2025-04-19 20:25:03,585 : INFO : End of Load Model
2025-04-19 20:25:03,594 : INFO : Shape of Data (1, 9)
2025-04-19 20:25:03,612 : INFO : Shape of Data None
2025-04-19 20:25:03,619 : INFO : Output : [1]
2025-04-19 20:25:03,620 : INFO : End of Prediction
