2025-04-19 21:14:44,638 : INFO : Start of Prediction
2025-04-19 21:14:44,638 : INFO : run_id:2025-04-19_211444_125244462
2025-04-19 21:14:44,638 : INFO : Start of Preprocessing...
2025-04-19 21:14:44,638 : INFO : Start of feature encoding...
2025-04-19 21:14:44,639 : INFO : End of feature encoding...
2025-04-19 21:14:44,640 : INFO : Start of Droping Columns...
2025-04-19 21:14:44,640 : INFO : End of Droping Columns...
2025-04-19 21:14:44,640 : INFO : Start of finding missing values...
2025-04-19 21:14:44,640 : INFO : End of finding missing values...
2025-04-19 21:14:44,641 : INFO : Start of building final predictset...
2025-04-19 21:14:44,643 : INFO : End of building final predictset...
2025-04-19 21:14:44,643 : INFO : End of Preprocessing...
2025-04-19 21:14:44,643 : INFO : Start of Load Model
2025-04-19 21:14:44,643 : INFO : Model File KMeans loaded
2025-04-19 21:14:44,643 : INFO : End of Load Model
2025-04-19 21:14:44,651 : INFO : clusters loop started
2025-04-19 21:14:44,651 : INFO : Start of finding correct model
2025-04-19 21:14:44,652 : INFO : End of finding correct model
2025-04-19 21:14:44,652 : INFO : Start of Load Model
2025-04-19 21:14:44,652 : INFO : Model File XGBoost1 loaded
2025-04-19 21:14:44,652 : INFO : End of Load Model
2025-04-19 21:14:44,656 : INFO : Shape of Data (1, 9)
2025-04-19 21:14:44,659 : INFO : Shape of Data None
2025-04-19 21:14:44,661 : INFO : Output : [1]
2025-04-19 21:14:44,661 : INFO : End of Prediction
