2025-04-19 21:22:20,026 : INFO : Start of Prediction
2025-04-19 21:22:20,026 : INFO : run_id:2025-04-19_212219_668828180
2025-04-19 21:22:20,027 : INFO : Start of Preprocessing...
2025-04-19 21:22:20,027 : INFO : Start of feature encoding...
2025-04-19 21:22:20,028 : INFO : End of feature encoding...
2025-04-19 21:22:20,028 : INFO : Start of Droping Columns...
2025-04-19 21:22:20,028 : INFO : End of Droping Columns...
2025-04-19 21:22:20,029 : INFO : Start of finding missing values...
2025-04-19 21:22:20,124 : INFO : End of finding missing values...
2025-04-19 21:22:20,130 : INFO : Start of building final predictset...
2025-04-19 21:22:20,132 : INFO : End of building final predictset...
2025-04-19 21:22:20,132 : INFO : End of Preprocessing...
2025-04-19 21:22:20,132 : INFO : Start of Load Model
2025-04-19 21:22:20,132 : INFO : Model File KMeans loaded
2025-04-19 21:22:20,132 : INFO : End of Load Model
2025-04-19 21:22:20,143 : INFO : clusters loop started
2025-04-19 21:22:20,144 : INFO : Start of finding correct model
2025-04-19 21:22:20,145 : INFO : End of finding correct model
2025-04-19 21:22:20,145 : INFO : Start of Load Model
2025-04-19 21:22:20,145 : INFO : Model File XGBoost1 loaded
2025-04-19 21:22:20,145 : INFO : End of Load Model
2025-04-19 21:22:20,181 : INFO : Shape of Data (1, 9)
2025-04-19 21:22:20,248 : INFO : Shape of Data None
2025-04-19 21:22:20,358 : INFO : Output : [1]
2025-04-19 21:22:20,358 : INFO : End of Prediction
