2025-04-19 21:21:28,221 : INFO : Start of Prediction
2025-04-19 21:21:28,221 : INFO : run_id:2025-04-19_212127_923125145
2025-04-19 21:21:28,221 : INFO : Start of Preprocessing...
2025-04-19 21:21:28,221 : INFO : Start of feature encoding...
2025-04-19 21:21:28,240 : INFO : End of feature encoding...
2025-04-19 21:21:28,241 : INFO : Start of Droping Columns...
2025-04-19 21:21:28,241 : INFO : End of Droping Columns...
2025-04-19 21:21:28,241 : INFO : Start of finding missing values...
2025-04-19 21:21:28,242 : INFO : End of finding missing values...
2025-04-19 21:21:28,242 : INFO : Start of building final predictset...
2025-04-19 21:21:28,244 : INFO : End of building final predictset...
2025-04-19 21:21:28,244 : INFO : End of Preprocessing...
2025-04-19 21:21:28,244 : INFO : Start of Load Model
2025-04-19 21:21:28,244 : INFO : Model File KMeans loaded
2025-04-19 21:21:28,244 : INFO : End of Load Model
2025-04-19 21:21:28,423 : INFO : clusters loop started
2025-04-19 21:21:28,424 : INFO : Start of finding correct model
2025-04-19 21:21:28,425 : INFO : End of finding correct model
2025-04-19 21:21:28,425 : INFO : Start of Load Model
2025-04-19 21:21:28,425 : INFO : Model File XGBoost1 loaded
2025-04-19 21:21:28,425 : INFO : End of Load Model
2025-04-19 21:21:30,178 : INFO : Shape of Data (1, 9)
2025-04-19 21:21:30,252 : INFO : Shape of Data None
2025-04-19 21:21:30,358 : INFO : Output : [1]
2025-04-19 21:21:30,358 : INFO : End of Prediction
