2025-04-22 09:22:33,608 : INFO : Start of Prediction
2025-04-22 09:22:33,608 : INFO : run_id:2025-04-22_092233_514222276
2025-04-22 09:22:33,608 : INFO : Start of Preprocessing...
2025-04-22 09:22:33,608 : INFO : Start of feature encoding...
2025-04-22 09:22:33,621 : INFO : End of feature encoding...
2025-04-22 09:22:33,622 : INFO : Start of Droping Columns...
2025-04-22 09:22:33,622 : INFO : End of Droping Columns...
2025-04-22 09:22:33,622 : INFO : Start of finding missing values...
2025-04-22 09:22:33,623 : INFO : End of finding missing values...
2025-04-22 09:22:33,624 : INFO : Start of building final predictset...
2025-04-22 09:22:33,627 : INFO : End of building final predictset...
2025-04-22 09:22:33,627 : INFO : End of Preprocessing...
2025-04-22 09:22:33,627 : INFO : Start of Load Model
2025-04-22 09:22:33,627 : INFO : Model File KMeans loaded
2025-04-22 09:22:33,627 : INFO : End of Load Model
2025-04-22 09:22:33,629 : INFO : clusters loop started
2025-04-22 09:22:33,631 : INFO : Start of finding correct model
2025-04-22 09:22:33,632 : INFO : End of finding correct model
2025-04-22 09:22:33,632 : INFO : Start of Load Model
2025-04-22 09:22:33,632 : INFO : Model File XGBoost1 loaded
2025-04-22 09:22:33,632 : INFO : End of Load Model
2025-04-22 09:22:33,635 : INFO : Shape of Data (1, 9)
2025-04-22 09:22:33,638 : INFO : Shape of Data None
2025-04-22 09:22:33,640 : INFO : Output : [1]
2025-04-22 09:22:33,640 : INFO : End of Prediction
