2025-04-19 21:14:44,612 : INFO : Start of Prediction
2025-04-19 21:14:44,612 : INFO : run_id:2025-04-19_211444_399073300
2025-04-19 21:14:44,612 : INFO : Start of Preprocessing...
2025-04-19 21:14:44,612 : INFO : Start of feature encoding...
2025-04-19 21:14:44,613 : INFO : End of feature encoding...
2025-04-19 21:14:44,614 : INFO : Start of Droping Columns...
2025-04-19 21:14:44,614 : INFO : End of Droping Columns...
2025-04-19 21:14:44,614 : INFO : Start of finding missing values...
2025-04-19 21:14:44,615 : INFO : End of finding missing values...
2025-04-19 21:14:44,615 : INFO : Start of building final predictset...
2025-04-19 21:14:44,618 : INFO : End of building final predictset...
2025-04-19 21:14:44,618 : INFO : End of Preprocessing...
2025-04-19 21:14:44,618 : INFO : Start of Load Model
2025-04-19 21:14:44,618 : INFO : Model File KMeans loaded
2025-04-19 21:14:44,618 : INFO : End of Load Model
2025-04-19 21:14:44,622 : INFO : clusters loop started
2025-04-19 21:14:44,623 : INFO : Start of finding correct model
2025-04-19 21:14:44,623 : INFO : End of finding correct model
2025-04-19 21:14:44,623 : INFO : Start of Load Model
2025-04-19 21:14:44,623 : INFO : Model File XGBoost1 loaded
2025-04-19 21:14:44,623 : INFO : End of Load Model
2025-04-19 21:14:44,627 : INFO : Shape of Data (1, 9)
2025-04-19 21:14:44,629 : INFO : Shape of Data None
2025-04-19 21:14:44,631 : INFO : Output : [1]
2025-04-19 21:14:44,631 : INFO : End of Prediction
