2025-04-19 20:27:30,942 : INFO : Start of Prediction
2025-04-19 20:27:30,944 : INFO : run_id:2025-04-19_202730_931350364
2025-04-19 20:27:30,944 : INFO : Start of Preprocessing...
2025-04-19 20:27:30,944 : INFO : Start of feature encoding...
2025-04-19 20:27:30,963 : INFO : End of feature encoding...
2025-04-19 20:27:30,964 : INFO : Start of Droping Columns...
2025-04-19 20:27:30,968 : INFO : End of Droping Columns...
2025-04-19 20:27:30,969 : INFO : Start of finding missing values...
2025-04-19 20:27:30,970 : INFO : End of finding missing values...
2025-04-19 20:27:30,970 : INFO : Start of building final predictset...
2025-04-19 20:27:30,978 : INFO : End of building final predictset...
2025-04-19 20:27:30,979 : INFO : End of Preprocessing...
2025-04-19 20:27:30,979 : INFO : Start of Load Model
2025-04-19 20:27:30,979 : INFO : Model File KMeans loaded
2025-04-19 20:27:30,979 : INFO : End of Load Model
2025-04-19 20:27:31,189 : INFO : clusters loop started
2025-04-19 20:27:31,190 : INFO : Start of finding correct model
2025-04-19 20:27:31,191 : INFO : End of finding correct model
2025-04-19 20:27:31,191 : INFO : Start of Load Model
2025-04-19 20:27:31,191 : INFO : Model File XGBoost1 loaded
2025-04-19 20:27:31,191 : INFO : End of Load Model
2025-04-19 20:27:33,059 : INFO : Shape of Data (1, 9)
2025-04-19 20:27:33,069 : INFO : Shape of Data None
2025-04-19 20:27:33,081 : INFO : Output : [1]
2025-04-19 20:27:33,081 : INFO : End of Prediction
