2025-04-19 19:50:41,031 : INFO : Start of Prediction
2025-04-19 19:50:41,033 : INFO : run_id:2025-04-19_195041_103654490
2025-04-19 19:50:41,033 : INFO : Start of Data Load, validation and transformation
2025-04-19 19:50:41,033 : INFO : Start of Archiving Old Rejected Files...
2025-04-19 19:50:41,038 : INFO : End of Archiving Old Rejected Files...
2025-04-19 19:50:41,038 : INFO : Start of Archiving Old Validated Files...
2025-04-19 19:50:41,043 : INFO : End of Archiving Old Validated Files...
2025-04-19 19:50:41,043 : INFO : Start of Archiving Old Processed Files...
2025-04-19 19:50:41,044 : INFO : End of Archiving Old Processed Files...
2025-04-19 19:50:41,044 : INFO : Start of Archiving Old Result Files...
2025-04-19 19:50:41,045 : INFO : End of Archiving Old Result Files...
2025-04-19 19:50:41,045 : INFO : Start of Reading values From Schema...
2025-04-19 19:50:41,045 : INFO : End of Reading values From Schema...
2025-04-19 19:50:41,046 : INFO : Start of Validating Column Length...
2025-04-19 19:50:41,069 : INFO : End of Validating Column Length...
2025-04-19 19:50:41,069 : INFO : Start of Validating Missing Values...
2025-04-19 19:50:41,080 : INFO : End of Validating Missing Values...
2025-04-19 19:50:41,080 : INFO : Start of Replacing Missing Values with NULL...
2025-04-19 19:50:41,092 : INFO : hr_employee_churn_data_predict.csv: File Transformed successfully!!
2025-04-19 19:50:41,092 : INFO : End of Replacing Missing Values with NULL...
2025-04-19 19:50:41,092 : INFO : Start of Creating Table...
2025-04-19 19:50:41,094 : INFO : Opened prediction database successfully
2025-04-19 19:50:41,111 : INFO : CREATE TABLE prediction_raw_data_t column_name
2025-04-19 19:50:41,118 : INFO : ALTER TABLE prediction_raw_data_t ADD COLUMN
2025-04-19 19:50:41,124 : INFO : ALTER TABLE prediction_raw_data_t ADD COLUMN
2025-04-19 19:50:41,132 : INFO : ALTER TABLE prediction_raw_data_t ADD COLUMN
2025-04-19 19:50:41,140 : INFO : ALTER TABLE prediction_raw_data_t ADD COLUMN
2025-04-19 19:50:41,149 : INFO : ALTER TABLE prediction_raw_data_t ADD COLUMN
2025-04-19 19:50:41,156 : INFO : ALTER TABLE prediction_raw_data_t ADD COLUMN
2025-04-19 19:50:41,162 : INFO : ALTER TABLE prediction_raw_data_t ADD COLUMN
2025-04-19 19:50:41,169 : INFO : ALTER TABLE prediction_raw_data_t ADD COLUMN
2025-04-19 19:50:41,170 : INFO : End of Creating Table...
2025-04-19 19:50:41,173 : INFO : Opened prediction database successfully
2025-04-19 19:50:41,173 : INFO : Start of Inserting Data into Table...
2025-04-19 19:50:41,201 : INFO : End of Inserting Data into Table...
2025-04-19 19:50:41,201 : INFO : Start of Exporting Data into CSV...
2025-04-19 19:50:41,204 : INFO : Opened prediction database successfully
2025-04-19 19:50:41,206 : INFO : End of Exporting Data into CSV...
2025-04-19 19:50:41,208 : INFO : Start of Moving Processed Files...
2025-04-19 19:50:41,210 : INFO : Moved the already processed file hr_employee_churn_data_predict.csv
2025-04-19 19:50:41,211 : INFO : End of Moving Processed Files...
2025-04-19 19:50:41,211 : INFO : End of Data Load, validation and transformation
2025-04-19 19:50:41,211 : INFO : Start of Preprocessing...
2025-04-19 19:50:41,211 : INFO : Start of reading dataset...
2025-04-19 19:50:41,238 : INFO : End of reading dataset...
2025-04-19 19:50:41,238 : INFO : Start of feature encoding...
2025-04-19 19:50:41,335 : INFO : End of feature encoding...
2025-04-19 19:50:41,336 : INFO : Start of Droping Columns...
2025-04-19 19:50:41,340 : INFO : End of Droping Columns...
2025-04-19 19:50:41,340 : INFO : Start of finding missing values...
2025-04-19 19:50:41,341 : INFO : End of finding missing values...
2025-04-19 19:50:41,341 : INFO : Start of building final predictset...
2025-04-19 19:50:41,453 : INFO : End of building final predictset...
2025-04-19 19:50:41,453 : INFO : End of Preprocessing...
2025-04-19 19:50:41,453 : INFO : Start of Load Model
2025-04-19 19:50:41,478 : INFO : Model File KMeans loaded
2025-04-19 19:50:41,478 : INFO : End of Load Model
2025-04-19 19:50:41,629 : INFO : clusters loop started
2025-04-19 19:50:41,632 : INFO : Start of finding correct model
2025-04-19 19:50:41,632 : INFO : End of finding correct model
2025-04-19 19:50:41,632 : INFO : Start of Load Model
2025-04-19 19:50:41,633 : INFO : Model File XGBoost1 loaded
2025-04-19 19:50:41,633 : INFO : End of Load Model
2025-04-19 19:50:43,431 : INFO : clusters loop started
2025-04-19 19:50:43,434 : INFO : Start of finding correct model
2025-04-19 19:50:43,435 : INFO : End of finding correct model
2025-04-19 19:50:43,435 : INFO : Start of Load Model
2025-04-19 19:50:43,436 : INFO : Model File XGBoost2 loaded
2025-04-19 19:50:43,436 : INFO : End of Load Model
2025-04-19 19:50:43,508 : INFO : End of Prediction
