2025-04-20 20:17:31,293 : INFO : Start of Prediction
2025-04-20 20:17:31,293 : INFO : run_id:2025-04-20_201731_640985981
2025-04-20 20:17:31,294 : INFO : Start of Preprocessing...
2025-04-20 20:17:31,294 : INFO : Start of feature encoding...
2025-04-20 20:17:31,296 : INFO : End of feature encoding...
2025-04-20 20:17:31,296 : INFO : Start of Droping Columns...
2025-04-20 20:17:31,297 : INFO : End of Droping Columns...
2025-04-20 20:17:31,297 : INFO : Start of finding missing values...
2025-04-20 20:17:31,298 : INFO : End of finding missing values...
2025-04-20 20:17:31,298 : INFO : Start of building final predictset...
2025-04-20 20:17:31,301 : INFO : End of building final predictset...
2025-04-20 20:17:31,302 : INFO : End of Preprocessing...
2025-04-20 20:17:31,302 : INFO : Start of Load Model
2025-04-20 20:17:31,302 : INFO : Model File KMeans loaded
2025-04-20 20:17:31,302 : INFO : End of Load Model
2025-04-20 20:17:31,305 : INFO : clusters loop started
2025-04-20 20:17:31,306 : INFO : Start of finding correct model
2025-04-20 20:17:31,307 : INFO : End of finding correct model
2025-04-20 20:17:31,307 : INFO : Start of Load Model
2025-04-20 20:17:31,307 : INFO : Model File XGBoost1 loaded
2025-04-20 20:17:31,307 : INFO : End of Load Model
2025-04-20 20:17:31,312 : INFO : Shape of Data (1, 9)
2025-04-20 20:17:31,317 : INFO : Shape of Data None
2025-04-20 20:17:31,320 : INFO : Output : [1]
2025-04-20 20:17:31,320 : INFO : End of Prediction
