2025-05-10 00:39:55,963 : INFO : Start of Prediction
2025-05-10 00:39:55,964 : INFO : run_id:2025-05-10_003955_761887493
2025-05-10 00:39:55,964 : INFO : Start of Preprocessing...
2025-05-10 00:39:55,964 : INFO : Start of feature encoding...
2025-05-10 00:39:55,982 : INFO : End of feature encoding...
2025-05-10 00:39:55,987 : INFO : Start of Droping Columns...
2025-05-10 00:39:55,991 : INFO : End of Droping Columns...
2025-05-10 00:39:55,992 : INFO : Start of finding missing values...
2025-05-10 00:39:55,993 : INFO : End of finding missing values...
2025-05-10 00:39:55,994 : INFO : Start of building final predictset...
2025-05-10 00:39:56,360 : INFO : End of building final predictset...
2025-05-10 00:39:56,360 : INFO : End of Preprocessing...
2025-05-10 00:39:56,360 : INFO : Start of Load Model
2025-05-10 00:39:56,400 : INFO : Model File KMeans loaded
2025-05-10 00:39:56,400 : INFO : End of Load Model
2025-05-10 00:39:56,595 : INFO : clusters loop started
2025-05-10 00:39:56,597 : INFO : Start of finding correct model
2025-05-10 00:39:56,597 : INFO : End of finding correct model
2025-05-10 00:39:56,598 : INFO : Start of Load Model
2025-05-10 00:39:56,751 : INFO : Model File XGBoost1 loaded
2025-05-10 00:39:56,751 : INFO : End of Load Model
2025-05-10 00:39:59,931 : INFO : Shape of Data (1, 9)
2025-05-10 00:39:59,942 : INFO : Shape of Data None
2025-05-10 00:39:59,956 : INFO : Output : [0]
2025-05-10 00:39:59,956 : INFO : End of Prediction
