2025-04-19 21:18:12,221 : INFO : Start of Prediction
2025-04-19 21:18:12,221 : INFO : run_id:2025-04-19_211812_825848200
2025-04-19 21:18:12,221 : INFO : Start of Preprocessing...
2025-04-19 21:18:12,221 : INFO : Start of feature encoding...
2025-04-19 21:18:12,223 : INFO : End of feature encoding...
2025-04-19 21:18:12,223 : INFO : Start of Droping Columns...
2025-04-19 21:18:12,224 : INFO : End of Droping Columns...
2025-04-19 21:18:12,224 : INFO : Start of finding missing values...
2025-04-19 21:18:12,224 : INFO : End of finding missing values...
2025-04-19 21:18:12,224 : INFO : Start of building final predictset...
2025-04-19 21:18:12,226 : INFO : End of building final predictset...
2025-04-19 21:18:12,227 : INFO : End of Preprocessing...
2025-04-19 21:18:12,227 : INFO : Start of Load Model
2025-04-19 21:18:12,227 : INFO : Model File KMeans loaded
2025-04-19 21:18:12,227 : INFO : End of Load Model
2025-04-19 21:18:12,229 : INFO : clusters loop started
2025-04-19 21:18:12,230 : INFO : Start of finding correct model
2025-04-19 21:18:12,230 : INFO : End of finding correct model
2025-04-19 21:18:12,230 : INFO : Start of Load Model
2025-04-19 21:18:12,231 : INFO : Model File XGBoost1 loaded
2025-04-19 21:18:12,231 : INFO : End of Load Model
2025-04-19 21:18:12,234 : INFO : Shape of Data (1, 9)
2025-04-19 21:18:12,237 : INFO : Shape of Data None
2025-04-19 21:18:12,238 : INFO : Output : [1]
2025-04-19 21:18:12,238 : INFO : End of Prediction
