2025-04-19 18:43:47,548 : INFO : Start of Training
2025-04-19 18:43:47,549 : INFO : Run_id:2025-04-19_184347_565573499
2025-04-19 18:43:47,549 : INFO : Start of Data Load, validation and transformation
2025-04-19 18:43:47,549 : INFO : Start of Archiving Old Rejected Files...
2025-04-19 18:43:47,549 : INFO : End of Archiving Old Rejected Files...
2025-04-19 18:43:47,549 : INFO : Start of Archiving Old Validated Files...
2025-04-19 18:43:47,553 : INFO : End of Archiving Old Validated Files...
2025-04-19 18:43:47,553 : INFO : Start of Archiving Old Processed Files...
2025-04-19 18:43:47,554 : INFO : End of Archiving Old Processed Files...
2025-04-19 18:43:47,554 : INFO : Start of Archiving Old Result Files...
2025-04-19 18:43:47,554 : INFO : End of Archiving Old Result Files...
2025-04-19 18:43:47,554 : INFO : Start of Reading values From Schema...
2025-04-19 18:43:47,554 : INFO : End of Reading values From Schema...
2025-04-19 18:43:47,554 : INFO : Start of Validating Column Length...
2025-04-19 18:43:47,554 : INFO : End of Validating Column Length...
2025-04-19 18:43:47,554 : INFO : Start of Validating Missing Values...
2025-04-19 18:43:47,555 : INFO : End of Validating Missing Values...
2025-04-19 18:43:47,555 : INFO : Start of Replacing Missing Values with NULL...
2025-04-19 18:43:47,555 : INFO : End of Replacing Missing Values with NULL...
2025-04-19 18:43:47,555 : INFO : Start of Creating Table...
2025-04-19 18:43:47,555 : INFO : Opened training database successfully
2025-04-19 18:43:47,556 : INFO : Tables created successfully
2025-04-19 18:43:47,556 : INFO : Closed training database successfully
2025-04-19 18:43:47,556 : INFO : End of Creating Table...
2025-04-19 18:43:47,556 : INFO : Opened training database successfully
2025-04-19 18:43:47,556 : INFO : Start of Inserting Data into Table...
2025-04-19 18:43:47,557 : INFO : End of Inserting Data into Table...
2025-04-19 18:43:47,557 : INFO : Start of Exporting Data into CSV...
2025-04-19 18:43:47,557 : INFO : Opened training database successfully
2025-04-19 18:43:47,617 : INFO : End of Exporting Data into CSV...
2025-04-19 18:43:47,619 : INFO : Start of Moving Processed Files...
2025-04-19 18:43:47,619 : INFO : End of Moving Processed Files...
2025-04-19 18:43:47,619 : INFO : End of Data Load, validation and transformation
2025-04-19 18:43:47,619 : INFO : Start of Preprocessing...
2025-04-19 18:43:47,619 : INFO : Start of reading dataset...
2025-04-19 18:43:47,645 : INFO : End of reading dataset...
2025-04-19 18:43:47,645 : INFO : Start of Droping Columns...
2025-04-19 18:43:47,646 : INFO : End of Droping Columns...
2025-04-19 18:43:47,646 : INFO : Start of feature encoding...
2025-04-19 18:43:47,649 : INFO : End of feature encoding...
2025-04-19 18:43:47,650 : INFO : Start of Droping Columns...
2025-04-19 18:43:47,651 : INFO : End of Droping Columns...
2025-04-19 18:43:47,651 : INFO : Start of finding missing values...
2025-04-19 18:43:47,656 : INFO : End of finding missing values...
2025-04-19 18:43:47,657 : INFO : Start of imputing missing values...
2025-04-19 18:43:47,673 : INFO : End of imputing missing values...
2025-04-19 18:43:47,673 : INFO : Start of splitting features and label ...
2025-04-19 18:43:47,674 : INFO : End of splitting features and label ...
2025-04-19 18:43:47,674 : INFO : End of Preprocessing...
2025-04-19 18:43:47,675 : INFO : Start of elbow plotting...
2025-04-19 18:43:48,345 : INFO : The optimum number of clusters is: 3
2025-04-19 18:43:48,345 : INFO : End of elbow plotting...
2025-04-19 18:43:48,346 : INFO : Start of Create clusters...
2025-04-19 18:43:48,355 : INFO : Start of Save Models
2025-04-19 18:43:48,355 : INFO : Start of Save Models
2025-04-19 18:43:48,362 : INFO : Model File KMeans saved
2025-04-19 18:43:48,362 : INFO : Model File KMeans saved
2025-04-19 18:43:48,362 : INFO : End of Save Models
2025-04-19 18:43:48,362 : INFO : End of Save Models
2025-04-19 18:43:48,363 : INFO : succesfully created 3clusters.
2025-04-19 18:43:48,363 : INFO : End of Create clusters...
2025-04-19 18:43:48,366 : INFO : Start of finding best model...
2025-04-19 18:43:48,366 : INFO : Start of finding best params for XGBoost algo...
2025-04-19 18:44:07,465 : INFO : XGBoost best params: {'learning_rate': 0.5, 'max_depth': 20, 'n_estimators': 100}
2025-04-19 18:44:07,465 : INFO : End of finding best params for XGBoost algo...
2025-04-19 18:44:07,469 : INFO : AUC for XGBoost:0.9908852319477941
2025-04-19 18:44:07,469 : INFO : Start of finding best params for randomforest algo...
2025-04-19 18:44:18,020 : INFO : Random Forest best params: {'criterion': 'entropy', 'max_depth': 3, 'max_features': 'log2', 'n_estimators': 10}
2025-04-19 18:44:18,020 : INFO : End of finding best params for randomforest algo...
2025-04-19 18:44:18,023 : INFO : AUC for XGBoost:0.9704686243911667
2025-04-19 18:44:18,023 : INFO : End of finding best model...
2025-04-19 18:44:18,023 : INFO : Start of Save Models
2025-04-19 18:44:18,023 : INFO : Start of Save Models
2025-04-19 18:44:18,028 : INFO : Model File XGBoost0 saved
2025-04-19 18:44:18,028 : INFO : Model File XGBoost0 saved
2025-04-19 18:44:18,028 : INFO : End of Save Models
2025-04-19 18:44:18,028 : INFO : End of Save Models
2025-04-19 18:44:18,030 : INFO : Start of finding best model...
2025-04-19 18:44:18,030 : INFO : Start of finding best params for XGBoost algo...
2025-04-19 18:44:36,729 : INFO : XGBoost best params: {'learning_rate': 0.5, 'max_depth': 10, 'n_estimators': 50}
2025-04-19 18:44:36,729 : INFO : End of finding best params for XGBoost algo...
2025-04-19 18:44:36,733 : INFO : AUC for XGBoost:0.989870368444768
2025-04-19 18:44:36,734 : INFO : Start of finding best params for randomforest algo...
2025-04-19 18:44:47,448 : INFO : Random Forest best params: {'criterion': 'entropy', 'max_depth': 3, 'max_features': 'log2', 'n_estimators': 130}
2025-04-19 18:44:47,448 : INFO : End of finding best params for randomforest algo...
2025-04-19 18:44:47,459 : INFO : AUC for XGBoost:0.9679170566011577
2025-04-19 18:44:47,459 : INFO : End of finding best model...
2025-04-19 18:44:47,460 : INFO : Start of Save Models
2025-04-19 18:44:47,460 : INFO : Start of Save Models
2025-04-19 18:44:47,464 : INFO : Model File XGBoost1 saved
2025-04-19 18:44:47,464 : INFO : Model File XGBoost1 saved
2025-04-19 18:44:47,464 : INFO : End of Save Models
2025-04-19 18:44:47,464 : INFO : End of Save Models
2025-04-19 18:44:47,467 : INFO : Start of finding best model...
2025-04-19 18:44:47,467 : INFO : Start of finding best params for XGBoost algo...
2025-04-19 18:45:04,355 : INFO : XGBoost best params: {'learning_rate': 0.1, 'max_depth': 10, 'n_estimators': 200}
2025-04-19 18:45:04,355 : INFO : End of finding best params for XGBoost algo...
2025-04-19 18:45:04,359 : INFO : AUC for XGBoost:0.965684145998825
2025-04-19 18:45:04,359 : INFO : Start of finding best params for randomforest algo...
2025-04-19 18:45:14,787 : INFO : Random Forest best params: {'criterion': 'entropy', 'max_depth': 3, 'max_features': 'log2', 'n_estimators': 100}
2025-04-19 18:45:14,787 : INFO : End of finding best params for randomforest algo...
2025-04-19 18:45:14,796 : INFO : AUC for XGBoost:0.8173482158820976
2025-04-19 18:45:14,796 : INFO : End of finding best model...
2025-04-19 18:45:14,796 : INFO : Start of Save Models
2025-04-19 18:45:14,796 : INFO : Start of Save Models
2025-04-19 18:45:14,803 : INFO : Model File XGBoost2 saved
2025-04-19 18:45:14,803 : INFO : Model File XGBoost2 saved
2025-04-19 18:45:14,803 : INFO : End of Save Models
2025-04-19 18:45:14,803 : INFO : End of Save Models
2025-04-19 18:45:14,803 : INFO : End of Training
