2025-04-19 18:31:33,064 : INFO : Start of Training
2025-04-19 18:31:33,064 : INFO : Run_id:2025-04-19_183133_805394875
2025-04-19 18:31:33,065 : INFO : Start of Data Load, validation and transformation
2025-04-19 18:31:33,065 : INFO : Start of Archiving Old Rejected Files...
2025-04-19 18:31:33,065 : INFO : End of Archiving Old Rejected Files...
2025-04-19 18:31:33,065 : INFO : Start of Archiving Old Validated Files...
2025-04-19 18:31:33,066 : INFO : End of Archiving Old Validated Files...
2025-04-19 18:31:33,066 : INFO : Start of Archiving Old Processed Files...
2025-04-19 18:31:33,066 : INFO : End of Archiving Old Processed Files...
2025-04-19 18:31:33,066 : INFO : Start of Archiving Old Result Files...
2025-04-19 18:31:33,066 : INFO : End of Archiving Old Result Files...
2025-04-19 18:31:33,066 : INFO : Start of Reading values From Schema...
2025-04-19 18:31:33,078 : INFO : End of Reading values From Schema...
2025-04-19 18:31:33,079 : INFO : Start of Validating Column Length...
2025-04-19 18:31:33,198 : INFO : End of Validating Column Length...
2025-04-19 18:31:33,198 : INFO : Start of Validating Missing Values...
2025-04-19 18:31:33,216 : INFO : End of Validating Missing Values...
2025-04-19 18:31:33,218 : INFO : Start of Replacing Missing Values with NULL...
2025-04-19 18:31:33,363 : INFO : hr_employee_churn_data.csv: File Transformed successfully!!
2025-04-19 18:31:33,363 : INFO : End of Replacing Missing Values with NULL...
2025-04-19 18:31:33,364 : INFO : Start of Creating Table...
2025-04-19 18:31:33,364 : INFO : Opened training database successfully
2025-04-19 18:31:33,372 : INFO : CREATE TABLE training_raw_data_t column_name
2025-04-19 18:31:33,376 : INFO : ALTER TABLE training_raw_data_t ADD COLUMN
2025-04-19 18:31:33,379 : INFO : ALTER TABLE training_raw_data_t ADD COLUMN
2025-04-19 18:31:33,382 : INFO : ALTER TABLE training_raw_data_t ADD COLUMN
2025-04-19 18:31:33,385 : INFO : ALTER TABLE training_raw_data_t ADD COLUMN
2025-04-19 18:31:33,388 : INFO : ALTER TABLE training_raw_data_t ADD COLUMN
2025-04-19 18:31:33,391 : INFO : ALTER TABLE training_raw_data_t ADD COLUMN
2025-04-19 18:31:33,395 : INFO : ALTER TABLE training_raw_data_t ADD COLUMN
2025-04-19 18:31:33,398 : INFO : ALTER TABLE training_raw_data_t ADD COLUMN
2025-04-19 18:31:33,401 : INFO : ALTER TABLE training_raw_data_t ADD COLUMN
2025-04-19 18:31:33,402 : INFO : End of Creating Table...
2025-04-19 18:31:33,404 : INFO : Opened training database successfully
2025-04-19 18:31:33,404 : INFO : Start of Inserting Data into Table...
2025-04-19 18:32:19,393 : INFO : End of Inserting Data into Table...
2025-04-19 18:32:19,394 : INFO : Start of Exporting Data into CSV...
2025-04-19 18:32:19,395 : INFO : Opened training database successfully
2025-04-19 18:32:19,457 : INFO : End of Exporting Data into CSV...
2025-04-19 18:32:19,459 : INFO : Start of Moving Processed Files...
2025-04-19 18:32:19,460 : INFO : Moved the already processed file hr_employee_churn_data.csv
2025-04-19 18:32:19,460 : INFO : End of Moving Processed Files...
2025-04-19 18:32:19,460 : INFO : End of Data Load, validation and transformation
2025-04-19 18:32:19,460 : INFO : Start of Preprocessing...
2025-04-19 18:32:19,460 : INFO : Start of reading dataset...
2025-04-19 18:32:19,480 : INFO : End of reading dataset...
2025-04-19 18:32:19,480 : INFO : Start of Droping Columns...
2025-04-19 18:32:19,500 : INFO : End of Droping Columns...
2025-04-19 18:32:19,500 : INFO : Start of feature encoding...
2025-04-19 18:32:19,507 : INFO : End of feature encoding...
2025-04-19 18:32:19,507 : INFO : Start of Droping Columns...
2025-04-19 18:32:19,509 : INFO : End of Droping Columns...
2025-04-19 18:32:19,509 : INFO : Start of finding missing values...
2025-04-19 18:32:19,514 : INFO : End of finding missing values...
2025-04-19 18:32:19,514 : INFO : Start of imputing missing values...
2025-04-19 18:32:19,534 : INFO : End of imputing missing values...
2025-04-19 18:32:19,535 : INFO : Start of splitting features and label ...
2025-04-19 18:32:19,535 : INFO : End of splitting features and label ...
2025-04-19 18:32:19,536 : INFO : End of Preprocessing...
2025-04-19 18:32:19,537 : INFO : Start of elbow plotting...
2025-04-19 18:32:22,079 : INFO : The optimum number of clusters is: 3
2025-04-19 18:32:22,079 : INFO : End of elbow plotting...
2025-04-19 18:32:22,079 : INFO : Start of Create clusters...
2025-04-19 18:32:22,089 : INFO : Start of Save Models
2025-04-19 18:32:22,089 : INFO : Start of Save Models
2025-04-19 18:32:22,091 : INFO : Model File KMeans saved
2025-04-19 18:32:22,091 : INFO : Model File KMeans saved
2025-04-19 18:32:22,091 : INFO : End of Save Models
2025-04-19 18:32:22,091 : INFO : End of Save Models
2025-04-19 18:32:22,091 : INFO : succesfully created 3clusters.
2025-04-19 18:32:22,091 : INFO : End of Create clusters...
2025-04-19 18:32:22,099 : INFO : Start of finding best model...
2025-04-19 18:32:22,100 : INFO : Start of finding best params for XGBoost algo...
2025-04-19 18:32:42,424 : INFO : XGBoost best params: {'learning_rate': 0.5, 'max_depth': 20, 'n_estimators': 100}
2025-04-19 18:32:42,424 : INFO : End of finding best params for XGBoost algo...
2025-04-19 18:32:42,432 : INFO : AUC for XGBoost:0.9908852319477941
2025-04-19 18:32:42,432 : INFO : Start of finding best params for randomforest algo...
2025-04-19 18:32:53,594 : INFO : Random Forest best params: {'criterion': 'entropy', 'max_depth': 3, 'max_features': 'log2', 'n_estimators': 100}
2025-04-19 18:32:53,595 : INFO : End of finding best params for randomforest algo...
2025-04-19 18:32:53,604 : INFO : AUC for XGBoost:0.9704686243911667
2025-04-19 18:32:53,604 : INFO : End of finding best model...
2025-04-19 18:32:53,604 : INFO : Start of Save Models
2025-04-19 18:32:53,604 : INFO : Start of Save Models
2025-04-19 18:32:53,611 : INFO : Model File XGBoost0 saved
2025-04-19 18:32:53,611 : INFO : Model File XGBoost0 saved
2025-04-19 18:32:53,611 : INFO : End of Save Models
2025-04-19 18:32:53,611 : INFO : End of Save Models
2025-04-19 18:32:53,614 : INFO : Start of finding best model...
2025-04-19 18:32:53,614 : INFO : Start of finding best params for XGBoost algo...
2025-04-19 18:33:10,503 : INFO : XGBoost best params: {'learning_rate': 0.5, 'max_depth': 10, 'n_estimators': 50}
2025-04-19 18:33:10,503 : INFO : End of finding best params for XGBoost algo...
2025-04-19 18:33:10,507 : INFO : AUC for XGBoost:0.989870368444768
2025-04-19 18:33:10,507 : INFO : Start of finding best params for randomforest algo...
2025-04-19 18:33:20,595 : INFO : Random Forest best params: {'criterion': 'gini', 'max_depth': 3, 'max_features': 'log2', 'n_estimators': 50}
2025-04-19 18:33:20,595 : INFO : End of finding best params for randomforest algo...
2025-04-19 18:33:20,601 : INFO : AUC for XGBoost:0.9567389345256664
2025-04-19 18:33:20,601 : INFO : End of finding best model...
2025-04-19 18:33:20,601 : INFO : Start of Save Models
2025-04-19 18:33:20,601 : INFO : Start of Save Models
2025-04-19 18:33:20,604 : INFO : Model File XGBoost1 saved
2025-04-19 18:33:20,604 : INFO : Model File XGBoost1 saved
2025-04-19 18:33:20,604 : INFO : End of Save Models
2025-04-19 18:33:20,604 : INFO : End of Save Models
2025-04-19 18:33:20,606 : INFO : Start of finding best model...
2025-04-19 18:33:20,606 : INFO : Start of finding best params for XGBoost algo...
2025-04-19 18:33:38,440 : INFO : XGBoost best params: {'learning_rate': 0.1, 'max_depth': 10, 'n_estimators': 200}
2025-04-19 18:33:38,440 : INFO : End of finding best params for XGBoost algo...
2025-04-19 18:33:38,445 : INFO : AUC for XGBoost:0.965684145998825
2025-04-19 18:33:38,445 : INFO : Start of finding best params for randomforest algo...
2025-04-19 18:33:48,145 : INFO : Random Forest best params: {'criterion': 'entropy', 'max_depth': 3, 'max_features': 'log2', 'n_estimators': 100}
2025-04-19 18:33:48,145 : INFO : End of finding best params for randomforest algo...
2025-04-19 18:33:48,155 : INFO : AUC for XGBoost:0.8179484559781359
2025-04-19 18:33:48,155 : INFO : End of finding best model...
2025-04-19 18:33:48,156 : INFO : Start of Save Models
2025-04-19 18:33:48,156 : INFO : Start of Save Models
2025-04-19 18:33:48,161 : INFO : Model File XGBoost2 saved
2025-04-19 18:33:48,161 : INFO : Model File XGBoost2 saved
2025-04-19 18:33:48,161 : INFO : End of Save Models
2025-04-19 18:33:48,161 : INFO : End of Save Models
2025-04-19 18:33:48,161 : INFO : End of Training
