2025-04-19 19:34:46,161 : INFO : Start of Training
2025-04-19 19:34:46,161 : INFO : Run_id:2025-04-19_193446_607455267
2025-04-19 19:34:46,162 : INFO : Start of Data Load, validation and transformation
2025-04-19 19:34:46,162 : INFO : Start of Archiving Old Rejected Files...
2025-04-19 19:34:46,162 : INFO : End of Archiving Old Rejected Files...
2025-04-19 19:34:46,162 : INFO : Start of Archiving Old Validated Files...
2025-04-19 19:34:46,172 : INFO : End of Archiving Old Validated Files...
2025-04-19 19:34:46,172 : INFO : Start of Archiving Old Processed Files...
2025-04-19 19:34:46,177 : INFO : End of Archiving Old Processed Files...
2025-04-19 19:34:46,178 : INFO : Start of Archiving Old Result Files...
2025-04-19 19:34:46,178 : INFO : End of Archiving Old Result Files...
2025-04-19 19:34:46,178 : INFO : Start of Reading values From Schema...
2025-04-19 19:34:46,180 : INFO : End of Reading values From Schema...
2025-04-19 19:34:46,180 : INFO : Start of Validating Column Length...
2025-04-19 19:34:46,203 : INFO : End of Validating Column Length...
2025-04-19 19:34:46,204 : INFO : Start of Validating Missing Values...
2025-04-19 19:34:46,229 : INFO : End of Validating Missing Values...
2025-04-19 19:34:46,229 : INFO : Start of Replacing Missing Values with NULL...
2025-04-19 19:34:46,325 : INFO : hr_employee_churn_data.cvs: File Transformed successfully!!
2025-04-19 19:34:46,326 : INFO : End of Replacing Missing Values with NULL...
2025-04-19 19:34:46,326 : INFO : Start of Creating Table...
2025-04-19 19:34:46,328 : INFO : Opened training database successfully
2025-04-19 19:34:46,329 : INFO : Tables created successfully
2025-04-19 19:34:46,330 : INFO : Closed training database successfully
2025-04-19 19:34:46,330 : INFO : End of Creating Table...
2025-04-19 19:34:46,330 : INFO : Opened training database successfully
2025-04-19 19:34:46,331 : INFO : Start of Inserting Data into Table...
2025-04-19 19:35:50,846 : INFO : End of Inserting Data into Table...
2025-04-19 19:35:50,846 : INFO : Start of Exporting Data into CSV...
2025-04-19 19:35:50,848 : INFO : Opened training database successfully
2025-04-19 19:35:51,134 : INFO : End of Exporting Data into CSV...
2025-04-19 19:35:51,139 : INFO : Start of Moving Processed Files...
2025-04-19 19:35:51,140 : INFO : Moved the already processed file hr_employee_churn_data.cvs
2025-04-19 19:35:51,141 : INFO : End of Moving Processed Files...
2025-04-19 19:35:51,141 : INFO : End of Data Load, validation and transformation
2025-04-19 19:35:51,141 : INFO : Start of Preprocessing...
2025-04-19 19:35:51,141 : INFO : Start of reading dataset...
2025-04-19 19:35:51,234 : INFO : End of reading dataset...
2025-04-19 19:35:51,234 : INFO : Start of Droping Columns...
2025-04-19 19:35:51,249 : INFO : End of Droping Columns...
2025-04-19 19:35:51,249 : INFO : Start of feature encoding...
2025-04-19 19:35:51,267 : INFO : End of feature encoding...
2025-04-19 19:35:51,270 : INFO : Start of Droping Columns...
2025-04-19 19:35:51,273 : INFO : End of Droping Columns...
2025-04-19 19:35:51,273 : INFO : Start of finding missing values...
2025-04-19 19:35:51,280 : INFO : End of finding missing values...
2025-04-19 19:35:51,281 : INFO : Start of imputing missing values...
2025-04-19 19:35:51,359 : INFO : End of imputing missing values...
2025-04-19 19:35:51,360 : INFO : Start of splitting features and label ...
2025-04-19 19:35:51,362 : INFO : End of splitting features and label ...
2025-04-19 19:35:51,362 : INFO : End of Preprocessing...
2025-04-19 19:35:51,363 : INFO : Start of elbow plotting...
2025-04-19 19:35:53,107 : INFO : The optimum number of clusters is: 3
2025-04-19 19:35:53,107 : INFO : End of elbow plotting...
2025-04-19 19:35:53,107 : INFO : Start of Create clusters...
2025-04-19 19:35:53,142 : INFO : Start of Save Models
2025-04-19 19:35:53,142 : INFO : Start of Save Models
2025-04-19 19:35:53,151 : INFO : Model File KMeans saved
2025-04-19 19:35:53,151 : INFO : Model File KMeans saved
2025-04-19 19:35:53,151 : INFO : End of Save Models
2025-04-19 19:35:53,151 : INFO : End of Save Models
2025-04-19 19:35:53,152 : INFO : succesfully created 3clusters.
2025-04-19 19:35:53,152 : INFO : End of Create clusters...
2025-04-19 19:35:53,164 : INFO : Start of finding best model...
2025-04-19 19:35:53,165 : INFO : Start of finding best params for XGBoost algo...
2025-04-19 19:36:24,463 : INFO : XGBoost best params: {'learning_rate': 0.5, 'max_depth': 20, 'n_estimators': 50}
2025-04-19 19:36:24,463 : INFO : End of finding best params for XGBoost algo...
2025-04-19 19:36:24,476 : INFO : AUC for XGBoost:1.0
2025-04-19 19:36:24,476 : INFO : Start of finding best params for randomforest algo...
2025-04-19 19:36:42,197 : INFO : Random Forest best params: {'criterion': 'entropy', 'max_depth': 3, 'max_features': 'log2', 'n_estimators': 100}
2025-04-19 19:36:42,197 : INFO : End of finding best params for randomforest algo...
2025-04-19 19:36:42,212 : INFO : AUC for XGBoost:0.9703198115172074
2025-04-19 19:36:42,212 : INFO : End of finding best model...
2025-04-19 19:36:42,212 : INFO : Start of Save Models
2025-04-19 19:36:42,212 : INFO : Start of Save Models
2025-04-19 19:36:42,220 : INFO : Model File XGBoost1 saved
2025-04-19 19:36:42,220 : INFO : Model File XGBoost1 saved
2025-04-19 19:36:42,220 : INFO : End of Save Models
2025-04-19 19:36:42,220 : INFO : End of Save Models
2025-04-19 19:36:42,225 : INFO : Start of finding best model...
2025-04-19 19:36:42,225 : INFO : Start of finding best params for XGBoost algo...
2025-04-19 19:37:09,914 : INFO : XGBoost best params: {'learning_rate': 0.5, 'max_depth': 10, 'n_estimators': 50}
2025-04-19 19:37:09,914 : INFO : End of finding best params for XGBoost algo...
2025-04-19 19:37:09,919 : INFO : AUC for XGBoost:1.0
2025-04-19 19:37:09,920 : INFO : Start of finding best params for randomforest algo...
2025-04-19 19:37:26,137 : INFO : Random Forest best params: {'criterion': 'gini', 'max_depth': 3, 'max_features': 'log2', 'n_estimators': 50}
2025-04-19 19:37:26,138 : INFO : End of finding best params for randomforest algo...
2025-04-19 19:37:26,146 : INFO : AUC for XGBoost:0.9572909374501062
2025-04-19 19:37:26,146 : INFO : End of finding best model...
2025-04-19 19:37:26,146 : INFO : Start of Save Models
2025-04-19 19:37:26,146 : INFO : Start of Save Models
2025-04-19 19:37:26,149 : INFO : Model File XGBoost2 saved
2025-04-19 19:37:26,149 : INFO : Model File XGBoost2 saved
2025-04-19 19:37:26,149 : INFO : End of Save Models
2025-04-19 19:37:26,149 : INFO : End of Save Models
2025-04-19 19:37:26,154 : INFO : Start of finding best model...
2025-04-19 19:37:26,154 : INFO : Start of finding best params for XGBoost algo...
2025-04-19 19:37:52,128 : INFO : XGBoost best params: {'learning_rate': 0.5, 'max_depth': 5, 'n_estimators': 100}
2025-04-19 19:37:52,128 : INFO : End of finding best params for XGBoost algo...
2025-04-19 19:37:52,133 : INFO : AUC for XGBoost:1.0
2025-04-19 19:37:52,133 : INFO : Start of finding best params for randomforest algo...
2025-04-19 19:38:08,741 : INFO : Random Forest best params: {'criterion': 'entropy', 'max_depth': 3, 'max_features': 'log2', 'n_estimators': 50}
2025-04-19 19:38:08,741 : INFO : End of finding best params for randomforest algo...
2025-04-19 19:38:08,752 : INFO : AUC for XGBoost:0.81826985621778
2025-04-19 19:38:08,752 : INFO : End of finding best model...
2025-04-19 19:38:08,752 : INFO : Start of Save Models
2025-04-19 19:38:08,752 : INFO : Start of Save Models
2025-04-19 19:38:08,757 : INFO : Model File XGBoost0 saved
2025-04-19 19:38:08,757 : INFO : Model File XGBoost0 saved
2025-04-19 19:38:08,758 : INFO : End of Save Models
2025-04-19 19:38:08,758 : INFO : End of Save Models
2025-04-19 19:38:08,758 : INFO : End of Training
