2025-04-19 19:11:48,403 : INFO : Start of Training
2025-04-19 19:11:48,403 : INFO : Run_id:2025-04-19_191148_927230177
2025-04-19 19:11:48,404 : INFO : Start of Data Load, validation and transformation
2025-04-19 19:11:48,404 : INFO : Start of Archiving Old Rejected Files...
2025-04-19 19:11:48,405 : INFO : End of Archiving Old Rejected Files...
2025-04-19 19:11:48,405 : INFO : Start of Archiving Old Validated Files...
2025-04-19 19:11:48,414 : INFO : End of Archiving Old Validated Files...
2025-04-19 19:11:48,414 : INFO : Start of Archiving Old Processed Files...
2025-04-19 19:11:48,416 : INFO : End of Archiving Old Processed Files...
2025-04-19 19:11:48,416 : INFO : Start of Archiving Old Result Files...
2025-04-19 19:11:48,417 : INFO : End of Archiving Old Result Files...
2025-04-19 19:11:48,417 : INFO : Start of Reading values From Schema...
2025-04-19 19:11:48,418 : INFO : End of Reading values From Schema...
2025-04-19 19:11:48,418 : INFO : Start of Validating Column Length...
2025-04-19 19:11:48,444 : INFO : End of Validating Column Length...
2025-04-19 19:11:48,445 : INFO : Start of Validating Missing Values...
2025-04-19 19:11:48,468 : INFO : End of Validating Missing Values...
2025-04-19 19:11:48,469 : INFO : Start of Replacing Missing Values with NULL...
2025-04-19 19:11:48,681 : INFO : hr_employee_churn_data.csv: File Transformed successfully!!
2025-04-19 19:11:48,681 : INFO : End of Replacing Missing Values with NULL...
2025-04-19 19:11:48,682 : INFO : Start of Creating Table...
2025-04-19 19:11:48,684 : INFO : Opened training database successfully
2025-04-19 19:11:48,686 : INFO : Tables created successfully
2025-04-19 19:11:48,686 : INFO : Closed training database successfully
2025-04-19 19:11:48,686 : INFO : End of Creating Table...
2025-04-19 19:11:48,687 : INFO : Opened training database successfully
2025-04-19 19:11:48,688 : INFO : Start of Inserting Data into Table...
2025-04-19 19:12:49,017 : INFO : End of Inserting Data into Table...
2025-04-19 19:12:49,017 : INFO : Start of Exporting Data into CSV...
2025-04-19 19:12:49,018 : INFO : Opened training database successfully
2025-04-19 19:12:49,152 : INFO : End of Exporting Data into CSV...
2025-04-19 19:12:49,155 : INFO : Start of Moving Processed Files...
2025-04-19 19:12:49,157 : INFO : Moved the already processed file hr_employee_churn_data.csv
2025-04-19 19:12:49,157 : INFO : End of Moving Processed Files...
2025-04-19 19:12:49,157 : INFO : End of Data Load, validation and transformation
2025-04-19 19:12:49,157 : INFO : Start of Preprocessing...
2025-04-19 19:12:49,157 : INFO : Start of reading dataset...
2025-04-19 19:12:49,195 : INFO : End of reading dataset...
2025-04-19 19:12:49,195 : INFO : Start of Droping Columns...
2025-04-19 19:12:49,197 : INFO : End of Droping Columns...
2025-04-19 19:12:49,197 : INFO : Start of feature encoding...
2025-04-19 19:12:49,201 : INFO : End of feature encoding...
2025-04-19 19:12:49,202 : INFO : Start of Droping Columns...
2025-04-19 19:12:49,204 : INFO : End of Droping Columns...
2025-04-19 19:12:49,204 : INFO : Start of finding missing values...
2025-04-19 19:12:49,209 : INFO : End of finding missing values...
2025-04-19 19:12:49,209 : INFO : Start of imputing missing values...
2025-04-19 19:12:49,253 : INFO : End of imputing missing values...
2025-04-19 19:12:49,253 : INFO : Start of splitting features and label ...
2025-04-19 19:12:49,254 : INFO : End of splitting features and label ...
2025-04-19 19:12:49,254 : INFO : End of Preprocessing...
2025-04-19 19:12:49,255 : INFO : Start of elbow plotting...
2025-04-19 19:12:50,921 : INFO : The optimum number of clusters is: 3
2025-04-19 19:12:50,921 : INFO : End of elbow plotting...
2025-04-19 19:12:50,921 : INFO : Start of Create clusters...
2025-04-19 19:12:50,956 : INFO : Start of Save Models
2025-04-19 19:12:50,956 : INFO : Start of Save Models
2025-04-19 19:12:50,967 : INFO : Model File KMeans saved
2025-04-19 19:12:50,967 : INFO : Model File KMeans saved
2025-04-19 19:12:50,968 : INFO : End of Save Models
2025-04-19 19:12:50,968 : INFO : End of Save Models
2025-04-19 19:12:50,968 : INFO : succesfully created 3clusters.
2025-04-19 19:12:50,968 : INFO : End of Create clusters...
2025-04-19 19:12:50,973 : INFO : Start of finding best model...
2025-04-19 19:12:50,973 : INFO : Start of finding best params for XGBoost algo...
2025-04-19 19:13:17,683 : INFO : XGBoost best params: {'learning_rate': 0.5, 'max_depth': 5, 'n_estimators': 200}
2025-04-19 19:13:17,684 : INFO : End of finding best params for XGBoost algo...
2025-04-19 19:13:17,689 : INFO : AUC for XGBoost:1.0
2025-04-19 19:13:17,690 : INFO : Start of finding best params for randomforest algo...
2025-04-19 19:13:31,248 : INFO : Random Forest best params: {'criterion': 'entropy', 'max_depth': 3, 'max_features': 'log2', 'n_estimators': 10}
2025-04-19 19:13:31,248 : INFO : End of finding best params for randomforest algo...
2025-04-19 19:13:31,251 : INFO : AUC for XGBoost:0.9697414623535627
2025-04-19 19:13:31,251 : INFO : End of finding best model...
2025-04-19 19:13:31,251 : INFO : Start of Save Models
2025-04-19 19:13:31,251 : INFO : Start of Save Models
2025-04-19 19:13:31,256 : INFO : Model File XGBoost1 saved
2025-04-19 19:13:31,256 : INFO : Model File XGBoost1 saved
2025-04-19 19:13:31,257 : INFO : End of Save Models
2025-04-19 19:13:31,257 : INFO : End of Save Models
2025-04-19 19:13:31,260 : INFO : Start of finding best model...
2025-04-19 19:13:31,261 : INFO : Start of finding best params for XGBoost algo...
2025-04-19 19:13:55,497 : INFO : XGBoost best params: {'learning_rate': 0.1, 'max_depth': 20, 'n_estimators': 200}
2025-04-19 19:13:55,497 : INFO : End of finding best params for XGBoost algo...
2025-04-19 19:13:55,503 : INFO : AUC for XGBoost:1.0
2025-04-19 19:13:55,503 : INFO : Start of finding best params for randomforest algo...
2025-04-19 19:14:08,777 : INFO : Random Forest best params: {'criterion': 'entropy', 'max_depth': 3, 'max_features': 'log2', 'n_estimators': 100}
2025-04-19 19:14:08,777 : INFO : End of finding best params for randomforest algo...
2025-04-19 19:14:08,788 : INFO : AUC for XGBoost:0.9607221274872678
2025-04-19 19:14:08,788 : INFO : End of finding best model...
2025-04-19 19:14:08,788 : INFO : Start of Save Models
2025-04-19 19:14:08,788 : INFO : Start of Save Models
2025-04-19 19:14:08,795 : INFO : Model File XGBoost0 saved
2025-04-19 19:14:08,795 : INFO : Model File XGBoost0 saved
2025-04-19 19:14:08,795 : INFO : End of Save Models
2025-04-19 19:14:08,795 : INFO : End of Save Models
2025-04-19 19:14:08,799 : INFO : Start of finding best model...
2025-04-19 19:14:08,800 : INFO : Start of finding best params for XGBoost algo...
2025-04-19 19:14:31,035 : INFO : XGBoost best params: {'learning_rate': 0.5, 'max_depth': 20, 'n_estimators': 200}
2025-04-19 19:14:31,035 : INFO : End of finding best params for XGBoost algo...
2025-04-19 19:14:31,040 : INFO : AUC for XGBoost:1.0
2025-04-19 19:14:31,040 : INFO : Start of finding best params for randomforest algo...
2025-04-19 19:14:44,245 : INFO : Random Forest best params: {'criterion': 'entropy', 'max_depth': 3, 'max_features': 'log2', 'n_estimators': 100}
2025-04-19 19:14:44,245 : INFO : End of finding best params for randomforest algo...
2025-04-19 19:14:44,256 : INFO : AUC for XGBoost:0.8190907529016492
2025-04-19 19:14:44,256 : INFO : End of finding best model...
2025-04-19 19:14:44,256 : INFO : Start of Save Models
2025-04-19 19:14:44,256 : INFO : Start of Save Models
2025-04-19 19:14:44,261 : INFO : Model File XGBoost2 saved
2025-04-19 19:14:44,261 : INFO : Model File XGBoost2 saved
2025-04-19 19:14:44,262 : INFO : End of Save Models
2025-04-19 19:14:44,262 : INFO : End of Save Models
2025-04-19 19:14:44,262 : INFO : End of Training
