2025-04-19 18:40:11,080 : INFO : Start of Training
2025-04-19 18:40:11,080 : INFO : Run_id:2025-04-19_184011_200126244
2025-04-19 18:40:11,080 : INFO : Start of Data Load, validation and transformation
2025-04-19 18:40:11,080 : INFO : Start of Archiving Old Rejected Files...
2025-04-19 18:40:11,080 : INFO : End of Archiving Old Rejected Files...
2025-04-19 18:40:11,080 : INFO : Start of Archiving Old Validated Files...
2025-04-19 18:40:11,083 : INFO : End of Archiving Old Validated Files...
2025-04-19 18:40:11,083 : INFO : Start of Archiving Old Processed Files...
2025-04-19 18:40:11,086 : INFO : End of Archiving Old Processed Files...
2025-04-19 18:40:11,086 : INFO : Start of Archiving Old Result Files...
2025-04-19 18:40:11,086 : INFO : End of Archiving Old Result Files...
2025-04-19 18:40:11,086 : INFO : Start of Reading values From Schema...
2025-04-19 18:40:11,087 : INFO : End of Reading values From Schema...
2025-04-19 18:40:11,087 : INFO : Start of Validating Column Length...
2025-04-19 18:40:11,087 : INFO : End of Validating Column Length...
2025-04-19 18:40:11,087 : INFO : Start of Validating Missing Values...
2025-04-19 18:40:11,087 : INFO : End of Validating Missing Values...
2025-04-19 18:40:11,087 : INFO : Start of Replacing Missing Values with NULL...
2025-04-19 18:40:11,087 : INFO : End of Replacing Missing Values with NULL...
2025-04-19 18:40:11,087 : INFO : Start of Creating Table...
2025-04-19 18:40:11,089 : INFO : Opened training database successfully
2025-04-19 18:40:11,089 : INFO : Tables created successfully
2025-04-19 18:40:11,090 : INFO : Closed training database successfully
2025-04-19 18:40:11,090 : INFO : End of Creating Table...
2025-04-19 18:40:11,091 : INFO : Opened training database successfully
2025-04-19 18:40:11,091 : INFO : Start of Inserting Data into Table...
2025-04-19 18:40:11,092 : INFO : End of Inserting Data into Table...
2025-04-19 18:40:11,092 : INFO : Start of Exporting Data into CSV...
2025-04-19 18:40:11,093 : INFO : Opened training database successfully
2025-04-19 18:40:11,154 : INFO : End of Exporting Data into CSV...
2025-04-19 18:40:11,155 : INFO : Start of Moving Processed Files...
2025-04-19 18:40:11,156 : INFO : End of Moving Processed Files...
2025-04-19 18:40:11,156 : INFO : End of Data Load, validation and transformation
2025-04-19 18:40:11,156 : INFO : Start of Preprocessing...
2025-04-19 18:40:11,156 : INFO : Start of reading dataset...
2025-04-19 18:40:11,180 : INFO : End of reading dataset...
2025-04-19 18:40:11,181 : INFO : Start of Droping Columns...
2025-04-19 18:40:11,182 : INFO : End of Droping Columns...
2025-04-19 18:40:11,182 : INFO : Start of feature encoding...
2025-04-19 18:40:11,185 : INFO : End of feature encoding...
2025-04-19 18:40:11,186 : INFO : Start of Droping Columns...
2025-04-19 18:40:11,186 : INFO : End of Droping Columns...
2025-04-19 18:40:11,186 : INFO : Start of finding missing values...
2025-04-19 18:40:11,192 : INFO : End of finding missing values...
2025-04-19 18:40:11,192 : INFO : Start of imputing missing values...
2025-04-19 18:40:11,208 : INFO : End of imputing missing values...
2025-04-19 18:40:11,208 : INFO : Start of splitting features and label ...
2025-04-19 18:40:11,209 : INFO : End of splitting features and label ...
2025-04-19 18:40:11,210 : INFO : End of Preprocessing...
2025-04-19 18:40:11,211 : INFO : Start of elbow plotting...
2025-04-19 18:40:11,930 : INFO : The optimum number of clusters is: 3
2025-04-19 18:40:11,930 : INFO : End of elbow plotting...
2025-04-19 18:40:11,930 : INFO : Start of Create clusters...
2025-04-19 18:40:11,938 : INFO : Start of Save Models
2025-04-19 18:40:11,938 : INFO : Start of Save Models
2025-04-19 18:40:11,953 : INFO : Model File KMeans saved
2025-04-19 18:40:11,953 : INFO : Model File KMeans saved
2025-04-19 18:40:11,954 : INFO : End of Save Models
2025-04-19 18:40:11,954 : INFO : End of Save Models
2025-04-19 18:40:11,954 : INFO : succesfully created 3clusters.
2025-04-19 18:40:11,954 : INFO : End of Create clusters...
2025-04-19 18:40:11,957 : INFO : Start of finding best model...
2025-04-19 18:40:11,957 : INFO : Start of finding best params for XGBoost algo...
2025-04-19 18:40:31,292 : INFO : XGBoost best params: {'learning_rate': 0.5, 'max_depth': 20, 'n_estimators': 100}
2025-04-19 18:40:31,292 : INFO : End of finding best params for XGBoost algo...
2025-04-19 18:40:31,296 : INFO : AUC for XGBoost:0.9908852319477941
2025-04-19 18:40:31,296 : INFO : Start of finding best params for randomforest algo...
2025-04-19 18:40:42,634 : INFO : Random Forest best params: {'criterion': 'gini', 'max_depth': 3, 'max_features': 'log2', 'n_estimators': 130}
2025-04-19 18:40:42,634 : INFO : End of finding best params for randomforest algo...
2025-04-19 18:40:42,645 : INFO : AUC for XGBoost:0.9704686243911667
2025-04-19 18:40:42,645 : INFO : End of finding best model...
2025-04-19 18:40:42,645 : INFO : Start of Save Models
2025-04-19 18:40:42,645 : INFO : Start of Save Models
2025-04-19 18:40:42,650 : INFO : Model File XGBoost0 saved
2025-04-19 18:40:42,650 : INFO : Model File XGBoost0 saved
2025-04-19 18:40:42,650 : INFO : End of Save Models
2025-04-19 18:40:42,650 : INFO : End of Save Models
2025-04-19 18:40:42,652 : INFO : Start of finding best model...
2025-04-19 18:40:42,653 : INFO : Start of finding best params for XGBoost algo...
2025-04-19 18:41:01,736 : INFO : XGBoost best params: {'learning_rate': 0.5, 'max_depth': 10, 'n_estimators': 50}
2025-04-19 18:41:01,737 : INFO : End of finding best params for XGBoost algo...
2025-04-19 18:41:01,740 : INFO : AUC for XGBoost:0.989870368444768
2025-04-19 18:41:01,740 : INFO : Start of finding best params for randomforest algo...
2025-04-19 18:41:12,201 : INFO : Random Forest best params: {'criterion': 'entropy', 'max_depth': 3, 'max_features': 'log2', 'n_estimators': 50}
2025-04-19 18:41:12,201 : INFO : End of finding best params for randomforest algo...
2025-04-19 18:41:12,206 : INFO : AUC for XGBoost:0.9571418668330387
2025-04-19 18:41:12,207 : INFO : End of finding best model...
2025-04-19 18:41:12,207 : INFO : Start of Save Models
2025-04-19 18:41:12,207 : INFO : Start of Save Models
2025-04-19 18:41:12,211 : INFO : Model File XGBoost1 saved
2025-04-19 18:41:12,211 : INFO : Model File XGBoost1 saved
2025-04-19 18:41:12,211 : INFO : End of Save Models
2025-04-19 18:41:12,211 : INFO : End of Save Models
2025-04-19 18:41:12,213 : INFO : Start of finding best model...
2025-04-19 18:41:12,213 : INFO : Start of finding best params for XGBoost algo...
2025-04-19 18:41:28,918 : INFO : XGBoost best params: {'learning_rate': 0.1, 'max_depth': 10, 'n_estimators': 200}
2025-04-19 18:41:28,918 : INFO : End of finding best params for XGBoost algo...
2025-04-19 18:41:28,922 : INFO : AUC for XGBoost:0.965684145998825
2025-04-19 18:41:28,923 : INFO : Start of finding best params for randomforest algo...
2025-04-19 18:41:38,537 : INFO : Random Forest best params: {'criterion': 'entropy', 'max_depth': 3, 'max_features': 'log2', 'n_estimators': 50}
2025-04-19 18:41:38,537 : INFO : End of finding best params for randomforest algo...
2025-04-19 18:41:38,543 : INFO : AUC for XGBoost:0.8173482158820976
2025-04-19 18:41:38,543 : INFO : End of finding best model...
2025-04-19 18:41:38,543 : INFO : Start of Save Models
2025-04-19 18:41:38,543 : INFO : Start of Save Models
2025-04-19 18:41:38,549 : INFO : Model File XGBoost2 saved
2025-04-19 18:41:38,549 : INFO : Model File XGBoost2 saved
2025-04-19 18:41:38,549 : INFO : End of Save Models
2025-04-19 18:41:38,549 : INFO : End of Save Models
2025-04-19 18:41:38,549 : INFO : End of Training
